# JRE version: Java(TM) SE Runtime Environment (17.0.2+8) (build 17.0.2+8-LTS-86)
# Java VM: Java HotSpot(TM) 64-Bit Server VM (17.0.2+8-LTS-86, mixed mode, sharing, tiered, compressed oops, compressed class ptrs, g1 gc, bsd-amd64)
GC Precious Log:
 CPUs: 16 total, 16 available
 Memory: 32768M
 Large Page Support: Disabled
 NUMA Support: Disabled
 Compressed Oops: Enabled (Zero based)
 Heap Region Size: 4M
 Heap Min Capacity: 8M
 Heap Initial Capacity: 512M
 Heap Max Capacity: 8G
 Pre-touch: Disabled
 Parallel Workers: 13
 Concurrent Workers: 3
 Concurrent Refinement Workers: 13
 Periodic GC: Disabled
Heap:
 garbage-first heap   total 151552K, used 70975K [0x0000000600000000, 0x0000000800000000)
  region size 4096K, 4 young (16384K), 1 survivors (4096K)
 Metaspace       used 41675K, committed 42112K, reserved 1089536K
  class space    used 5535K, committed 5760K, reserved 1048576K
GC Heap History (16 events):
Event: 0.707 GC heap before
{Heap before GC invocations=0 (full 0):
 garbage-first heap   total 532480K, used 24532K [0x0000000600000000, 0x0000000800000000)
  region size 4096K, 6 young (24576K), 0 survivors (0K)
 Metaspace       used 8852K, committed 9024K, reserved 1056768K
  class space    used 1028K, committed 1088K, reserved 1048576K
}
Event: 0.710 GC heap after
{Heap after GC invocations=1 (full 0):
 garbage-first heap   total 532480K, used 8157K [0x0000000600000000, 0x0000000800000000)
  region size 4096K, 1 young (4096K), 1 survivors (4096K)
 Metaspace       used 8852K, committed 9024K, reserved 1056768K
  class space    used 1028K, committed 1088K, reserved 1048576K
}
Event: 1.886 GC heap before
{Heap before GC invocations=1 (full 0):
 garbage-first heap   total 532480K, used 94173K [0x0000000600000000, 0x0000000800000000)
  region size 4096K, 12 young (49152K), 1 survivors (4096K)
 Metaspace       used 20292K, committed 20544K, reserved 1073152K
  class space    used 2903K, committed 3008K, reserved 1048576K
}
Event: 1.893 GC heap after
{Heap after GC invocations=2 (full 0):
 garbage-first heap   total 532480K, used 53533K [0x0000000600000000, 0x0000000800000000)
  region size 4096K, 2 young (8192K), 2 survivors (8192K)
 Metaspace       used 20292K, committed 20544K, reserved 1073152K
  class space    used 2903K, committed 3008K, reserved 1048576K
}
Event: 2.032 GC heap before
{Heap before GC invocations=2 (full 0):
 garbage-first heap   total 532480K, used 61725K [0x0000000600000000, 0x0000000800000000)
  region size 4096K, 5 young (20480K), 2 survivors (8192K)
 Metaspace       used 21223K, committed 21504K, reserved 1073152K
  class space    used 3038K, committed 3200K, reserved 1048576K
}
Event: 2.035 GC heap after
{Heap after GC invocations=3 (full 0):
 garbage-first heap   total 532480K, used 29559K [0x0000000600000000, 0x0000000800000000)
  region size 4096K, 3 young (12288K), 3 survivors (12288K)
 Metaspace       used 21223K, committed 21504K, reserved 1073152K
  class space    used 3038K, committed 3200K, reserved 1048576K
}
Event: 11.645 GC heap before
{Heap before GC invocations=4 (full 0):
 garbage-first heap   total 151552K, used 107383K [0x0000000600000000, 0x0000000800000000)
  region size 4096K, 22 young (90112K), 3 survivors (12288K)
 Metaspace       used 23281K, committed 23488K, reserved 1073152K
  class space    used 3241K, committed 3328K, reserved 1048576K
}
Event: 11.651 GC heap after
{Heap after GC invocations=5 (full 0):
 garbage-first heap   total 151552K, used 32001K [0x0000000600000000, 0x0000000800000000)
  region size 4096K, 2 young (8192K), 2 survivors (8192K)
 Metaspace       used 23281K, committed 23488K, reserved 1073152K
  class space    used 3241K, committed 3328K, reserved 1048576K
}
Event: 11.743 GC heap before
{Heap before GC invocations=5 (full 0):
 garbage-first heap   total 151552K, used 36097K [0x0000000600000000, 0x0000000800000000)
  region size 4096K, 3 young (12288K), 2 survivors (8192K)
 Metaspace       used 23281K, committed 23488K, reserved 1073152K
  class space    used 3241K, committed 3328K, reserved 1048576K
}
Event: 11.746 GC heap after
{Heap after GC invocations=6 (full 0):
 garbage-first heap   total 151552K, used 32790K [0x0000000600000000, 0x0000000800000000)
  region size 4096K, 0 young (0K), 0 survivors (0K)
 Metaspace       used 23281K, committed 23488K, reserved 1073152K
  class space    used 3241K, committed 3328K, reserved 1048576K
}
Event: 14.598 GC heap before
{Heap before GC invocations=6 (full 0):
 garbage-first heap   total 151552K, used 73750K [0x0000000600000000, 0x0000000800000000)
  region size 4096K, 11 young (45056K), 0 survivors (0K)
 Metaspace       used 35760K, committed 35968K, reserved 1081344K
  class space    used 4702K, committed 4800K, reserved 1048576K
}
Event: 14.601 GC heap after
{Heap after GC invocations=7 (full 0):
 garbage-first heap   total 151552K, used 35964K [0x0000000600000000, 0x0000000800000000)
  region size 4096K, 1 young (4096K), 1 survivors (4096K)
 Metaspace       used 35760K, committed 35968K, reserved 1081344K
  class space    used 4702K, committed 4800K, reserved 1048576K
}
Event: 22.513 GC heap before
{Heap before GC invocations=8 (full 0):
 garbage-first heap   total 151552K, used 117884K [0x0000000600000000, 0x0000000800000000)
  region size 4096K, 18 young (73728K), 1 survivors (4096K)
 Metaspace       used 41451K, committed 41920K, reserved 1089536K
  class space    used 5532K, committed 5760K, reserved 1048576K
}
Event: 22.517 GC heap after
{Heap after GC invocations=9 (full 0):
 garbage-first heap   total 151552K, used 64633K [0x0000000600000000, 0x0000000800000000)
  region size 4096K, 3 young (12288K), 3 survivors (12288K)
 Metaspace       used 41451K, committed 41920K, reserved 1089536K
  class space    used 5532K, committed 5760K, reserved 1048576K
}
Event: 25.440 GC heap before
{Heap before GC invocations=9 (full 0):
 garbage-first heap   total 151552K, used 68729K [0x0000000600000000, 0x0000000800000000)
  region size 4096K, 4 young (16384K), 3 survivors (12288K)
 Metaspace       used 41534K, committed 41984K, reserved 1089536K
  class space    used 5534K, committed 5760K, reserved 1048576K
}
Event: 25.444 GC heap after
{Heap after GC invocations=10 (full 0):
 garbage-first heap   total 151552K, used 62783K [0x0000000600000000, 0x0000000800000000)
  region size 4096K, 1 young (4096K), 1 survivors (4096K)
 Metaspace       used 41534K, committed 41984K, reserved 1089536K
  class space    used 5534K, committed 5760K, reserved 1048576K
}

