# JRE version: Java(TM) SE Runtime Environment (17.0.2+8) (build 17.0.2+8-LTS-86)
# Java VM: Java HotSpot(TM) 64-Bit Server VM (17.0.2+8-LTS-86, mixed mode, sharing, tiered, compressed oops, compressed class ptrs, g1 gc, bsd-amd64)
GC Precious Log:
 CPUs: 16 total, 16 available
 Memory: 32768M
 Large Page Support: Disabled
 NUMA Support: Disabled
 Compressed Oops: Enabled (Zero based)
 Heap Region Size: 4M
 Heap Min Capacity: 8M
 Heap Initial Capacity: 512M
 Heap Max Capacity: 8G
 Pre-touch: Disabled
 Parallel Workers: 13
 Concurrent Workers: 3
 Concurrent Refinement Workers: 13
 Periodic GC: Disabled
Heap:
 garbage-first heap   total 163840K, used 120825K [0x0000000600000000, 0x0000000800000000)
  region size 4096K, 20 young (81920K), 1 survivors (4096K)
 Metaspace       used 41519K, committed 41920K, reserved 1089536K
  class space    used 5490K, committed 5696K, reserved 1048576K
GC Heap History (10 events):
Event: 0.848 GC heap before
{Heap before GC invocations=0 (full 0):
 garbage-first heap   total 532480K, used 28628K [0x0000000600000000, 0x0000000800000000)
  region size 4096K, 6 young (24576K), 0 survivors (0K)
 Metaspace       used 8440K, committed 8640K, reserved 1056768K
  class space    used 944K, committed 1024K, reserved 1048576K
}
Event: 0.852 GC heap after
{Heap after GC invocations=1 (full 0):
 garbage-first heap   total 532480K, used 8133K [0x0000000600000000, 0x0000000800000000)
  region size 4096K, 1 young (4096K), 1 survivors (4096K)
 Metaspace       used 8440K, committed 8640K, reserved 1056768K
  class space    used 944K, committed 1024K, reserved 1048576K
}
Event: 2.067 GC heap before
{Heap before GC invocations=1 (full 0):
 garbage-first heap   total 532480K, used 98245K [0x0000000600000000, 0x0000000800000000)
  region size 4096K, 14 young (57344K), 1 survivors (4096K)
 Metaspace       used 21309K, committed 21504K, reserved 1073152K
  class space    used 3049K, committed 3136K, reserved 1048576K
}
Event: 2.072 GC heap after
{Heap after GC invocations=2 (full 0):
 garbage-first heap   total 532480K, used 53719K [0x0000000600000000, 0x0000000800000000)
  region size 4096K, 2 young (8192K), 2 survivors (8192K)
 Metaspace       used 21309K, committed 21504K, reserved 1073152K
  class space    used 3049K, committed 3136K, reserved 1048576K
}
Event: 8.231 GC heap before
{Heap before GC invocations=3 (full 0):
 garbage-first heap   total 221184K, used 172503K [0x0000000600000000, 0x0000000800000000)
  region size 4096K, 32 young (131072K), 2 survivors (8192K)
 Metaspace       used 34344K, committed 34624K, reserved 1081344K
  class space    used 4540K, committed 4672K, reserved 1048576K
}
Event: 8.237 GC heap after
{Heap after GC invocations=4 (full 0):
 garbage-first heap   total 221184K, used 34986K [0x0000000600000000, 0x0000000800000000)
  region size 4096K, 4 young (16384K), 4 survivors (16384K)
 Metaspace       used 34344K, committed 34624K, reserved 1081344K
  class space    used 4540K, committed 4672K, reserved 1048576K
}
Event: 9.296 GC heap before
{Heap before GC invocations=4 (full 0):
 garbage-first heap   total 221184K, used 39082K [0x0000000600000000, 0x0000000800000000)
  region size 4096K, 5 young (20480K), 4 survivors (16384K)
 Metaspace       used 35423K, committed 35712K, reserved 1081344K
  class space    used 4670K, committed 4800K, reserved 1048576K
}
Event: 9.303 GC heap after
{Heap after GC invocations=5 (full 0):
 garbage-first heap   total 221184K, used 36011K [0x0000000600000000, 0x0000000800000000)
  region size 4096K, 1 young (4096K), 1 survivors (4096K)
 Metaspace       used 35423K, committed 35712K, reserved 1081344K
  class space    used 4670K, committed 4800K, reserved 1048576K
}
Event: 9.837 GC heap before
{Heap before GC invocations=5 (full 0):
 garbage-first heap   total 221184K, used 36011K [0x0000000600000000, 0x0000000800000000)
  region size 4096K, 2 young (8192K), 1 survivors (4096K)
 Metaspace       used 35833K, committed 36096K, reserved 1081344K
  class space    used 4709K, committed 4864K, reserved 1048576K
}
Event: 9.838 GC heap after
{Heap after GC invocations=6 (full 0):
 garbage-first heap   total 221184K, used 34809K [0x0000000600000000, 0x0000000800000000)
  region size 4096K, 1 young (4096K), 1 survivors (4096K)
 Metaspace       used 35833K, committed 36096K, reserved 1081344K
  class space    used 4709K, committed 4864K, reserved 1048576K
}

