# JRE version: OpenJDK Runtime Environment Homebrew (17.0.2) (build 17.0.2+0)
# Java VM: OpenJDK 64-Bit Server VM Homebrew (17.0.2+0, mixed mode, sharing, tiered, compressed oops, compressed class ptrs, g1 gc, bsd-amd64)
GC Precious Log:
 CPUs: 16 total, 16 available
 Memory: 32768M
 Large Page Support: Disabled
 NUMA Support: Disabled
 Compressed Oops: Enabled (Zero based)
 Heap Region Size: 4M
 Heap Min Capacity: 8M
 Heap Initial Capacity: 512M
 Heap Max Capacity: 8G
 Pre-touch: Disabled
 Parallel Workers: 13
 Concurrent Workers: 3
 Concurrent Refinement Workers: 13
 Periodic GC: Disabled
Heap:
 garbage-first heap   total 151552K, used 68157K [0x0000000600000000, 0x0000000800000000)
  region size 4096K, 3 young (12288K), 1 survivors (4096K)
 Metaspace       used 41981K, committed 42368K, reserved 1089536K
  class space    used 5546K, committed 5760K, reserved 1048576K
GC Heap History (16 events):
Event: 0.697 GC heap before
{Heap before GC invocations=0 (full 0):
 garbage-first heap   total 532480K, used 28628K [0x0000000600000000, 0x0000000800000000)
  region size 4096K, 6 young (24576K), 0 survivors (0K)
 Metaspace       used 8384K, committed 8576K, reserved 1056768K
  class space    used 947K, committed 1024K, reserved 1048576K
}
Event: 0.700 GC heap after
{Heap after GC invocations=1 (full 0):
 garbage-first heap   total 532480K, used 8085K [0x0000000600000000, 0x0000000800000000)
  region size 4096K, 1 young (4096K), 1 survivors (4096K)
 Metaspace       used 8384K, committed 8576K, reserved 1056768K
  class space    used 947K, committed 1024K, reserved 1048576K
}
Event: 1.677 GC heap before
{Heap before GC invocations=1 (full 0):
 garbage-first heap   total 532480K, used 98197K [0x0000000600000000, 0x0000000800000000)
  region size 4096K, 13 young (53248K), 1 survivors (4096K)
 Metaspace       used 20246K, committed 20416K, reserved 1073152K
  class space    used 2914K, committed 3008K, reserved 1048576K
}
Event: 1.681 GC heap after
{Heap after GC invocations=2 (full 0):
 garbage-first heap   total 532480K, used 53417K [0x0000000600000000, 0x0000000800000000)
  region size 4096K, 2 young (8192K), 2 survivors (8192K)
 Metaspace       used 20246K, committed 20416K, reserved 1073152K
  class space    used 2914K, committed 3008K, reserved 1048576K
}
Event: 1.741 GC heap before
{Heap before GC invocations=2 (full 0):
 garbage-first heap   total 532480K, used 61609K [0x0000000600000000, 0x0000000800000000)
  region size 4096K, 5 young (20480K), 2 survivors (8192K)
 Metaspace       used 21287K, committed 21504K, reserved 1073152K
  class space    used 3037K, committed 3136K, reserved 1048576K
}
Event: 1.744 GC heap after
{Heap after GC invocations=3 (full 0):
 garbage-first heap   total 532480K, used 30694K [0x0000000600000000, 0x0000000800000000)
  region size 4096K, 3 young (12288K), 3 survivors (12288K)
 Metaspace       used 21287K, committed 21504K, reserved 1073152K
  class space    used 3037K, committed 3136K, reserved 1048576K
}
Event: 10.545 GC heap before
{Heap before GC invocations=4 (full 0):
 garbage-first heap   total 151552K, used 108518K [0x0000000600000000, 0x0000000800000000)
  region size 4096K, 22 young (90112K), 3 survivors (12288K)
 Metaspace       used 23505K, committed 23808K, reserved 1073152K
  class space    used 3272K, committed 3392K, reserved 1048576K
}
Event: 10.549 GC heap after
{Heap after GC invocations=5 (full 0):
 garbage-first heap   total 151552K, used 32132K [0x0000000600000000, 0x0000000800000000)
  region size 4096K, 2 young (8192K), 2 survivors (8192K)
 Metaspace       used 23505K, committed 23808K, reserved 1073152K
  class space    used 3272K, committed 3392K, reserved 1048576K
}
Event: 10.631 GC heap before
{Heap before GC invocations=5 (full 0):
 garbage-first heap   total 151552K, used 36228K [0x0000000600000000, 0x0000000800000000)
  region size 4096K, 3 young (12288K), 2 survivors (8192K)
 Metaspace       used 23505K, committed 23808K, reserved 1073152K
  class space    used 3272K, committed 3392K, reserved 1048576K
}
Event: 10.634 GC heap after
{Heap after GC invocations=6 (full 0):
 garbage-first heap   total 151552K, used 31553K [0x0000000600000000, 0x0000000800000000)
  region size 4096K, 0 young (0K), 0 survivors (0K)
 Metaspace       used 23505K, committed 23808K, reserved 1073152K
  class space    used 3272K, committed 3392K, reserved 1048576K
}
Event: 11.818 GC heap before
{Heap before GC invocations=6 (full 0):
 garbage-first heap   total 151552K, used 68417K [0x0000000600000000, 0x0000000800000000)
  region size 4096K, 10 young (40960K), 0 survivors (0K)
 Metaspace       used 35672K, committed 35968K, reserved 1081344K
  class space    used 4693K, committed 4864K, reserved 1048576K
}
Event: 11.820 GC heap after
{Heap after GC invocations=7 (full 0):
 garbage-first heap   total 151552K, used 34512K [0x0000000600000000, 0x0000000800000000)
  region size 4096K, 1 young (4096K), 1 survivors (4096K)
 Metaspace       used 35672K, committed 35968K, reserved 1081344K
  class space    used 4693K, committed 4864K, reserved 1048576K
}
Event: 24.038 GC heap before
{Heap before GC invocations=8 (full 0):
 garbage-first heap   total 151552K, used 120528K [0x0000000600000000, 0x0000000800000000)
  region size 4096K, 19 young (77824K), 1 survivors (4096K)
 Metaspace       used 41745K, committed 42176K, reserved 1089536K
  class space    used 5544K, committed 5760K, reserved 1048576K
}
Event: 24.042 GC heap after
{Heap after GC invocations=9 (full 0):
 garbage-first heap   total 151552K, used 63550K [0x0000000600000000, 0x0000000800000000)
  region size 4096K, 3 young (12288K), 3 survivors (12288K)
 Metaspace       used 41745K, committed 42176K, reserved 1089536K
  class space    used 5544K, committed 5760K, reserved 1048576K
}
Event: 26.256 GC heap before
{Heap before GC invocations=9 (full 0):
 garbage-first heap   total 151552K, used 63550K [0x0000000600000000, 0x0000000800000000)
  region size 4096K, 4 young (16384K), 3 survivors (12288K)
 Metaspace       used 41852K, committed 42304K, reserved 1089536K
  class space    used 5546K, committed 5760K, reserved 1048576K
}
Event: 26.259 GC heap after
{Heap after GC invocations=10 (full 0):
 garbage-first heap   total 151552K, used 64061K [0x0000000600000000, 0x0000000800000000)
  region size 4096K, 1 young (4096K), 1 survivors (4096K)
 Metaspace       used 41852K, committed 42304K, reserved 1089536K
  class space    used 5546K, committed 5760K, reserved 1048576K
}

